<?xml version="1.0" encoding="UTF-8"?>
<!-- Generated by org.testng.reporters.JUnitXMLReporter -->
<testsuite ignored="0" hostname="DESKTOP-7QS3V8B" failures="0" tests="3" name="Default test" time="24.893" errors="0" timestamp="2021-11-15T19:01:29 PKT">
  <testcase classname="com.global.qa.testcases.LoginPageTest" name="loginPageTitleTest" time="0.03"/>
  <testcase classname="com.global.qa.testcases.LoginPageTest" name="crmLogoImageTest" time="0.039"/>
  <testcase classname="com.global.qa.testcases.LoginPageTest" name="loginTest" time="2.638"/>
</testsuite> <!-- Default test -->
