<?xml version="1.0" encoding="UTF-8"?>
<testng-results ignored="0" total="3" passed="3" failed="0" skipped="0">
  <reporter-output>
  </reporter-output>
  <suite started-at="2021-11-15T19:01:04 PKT" name="Default suite" finished-at="2021-11-15T19:01:29 PKT" duration-ms="24893">
    <groups>
    </groups>
    <test started-at="2021-11-15T19:01:04 PKT" name="Default test" finished-at="2021-11-15T19:01:29 PKT" duration-ms="24893">
      <class name="com.global.qa.testcases.LoginPageTest">
        <test-method is-config="true" signature="setUp()[pri:0, instance:com.global.qa.testcases.LoginPageTest@5f049ea1]" started-at="2021-11-15T19:01:04 PKT" name="setUp" finished-at="2021-11-15T19:01:12 PKT" duration-ms="8590" status="PASS">
          <reporter-output>
          </reporter-output>
        </test-method> <!-- setUp -->
        <test-method signature="loginPageTitleTest()[pri:1, instance:com.global.qa.testcases.LoginPageTest@5f049ea1]" started-at="2021-11-15T19:01:12 PKT" name="loginPageTitleTest" description="Verifying Login Page Title" finished-at="2021-11-15T19:01:12 PKT" duration-ms="30" status="PASS">
          <reporter-output>
          </reporter-output>
        </test-method> <!-- loginPageTitleTest -->
        <test-method is-config="true" signature="setUp()[pri:0, instance:com.global.qa.testcases.LoginPageTest@5f049ea1]" started-at="2021-11-15T19:01:12 PKT" name="setUp" finished-at="2021-11-15T19:01:18 PKT" duration-ms="5188" status="PASS">
          <reporter-output>
          </reporter-output>
        </test-method> <!-- setUp -->
        <test-method signature="crmLogoImageTest()[pri:2, instance:com.global.qa.testcases.LoginPageTest@5f049ea1]" started-at="2021-11-15T19:01:18 PKT" name="crmLogoImageTest" description="Verifying Login Page Image" finished-at="2021-11-15T19:01:18 PKT" duration-ms="39" status="PASS">
          <reporter-output>
          </reporter-output>
        </test-method> <!-- crmLogoImageTest -->
        <test-method is-config="true" signature="setUp()[pri:0, instance:com.global.qa.testcases.LoginPageTest@5f049ea1]" started-at="2021-11-15T19:01:18 PKT" name="setUp" finished-at="2021-11-15T19:01:26 PKT" duration-ms="8209" status="PASS">
          <reporter-output>
          </reporter-output>
        </test-method> <!-- setUp -->
        <test-method signature="loginTest()[pri:3, instance:com.global.qa.testcases.LoginPageTest@5f049ea1]" started-at="2021-11-15T19:01:26 PKT" name="loginTest" description="Verifying Login" finished-at="2021-11-15T19:01:28 PKT" duration-ms="2638" status="PASS">
          <reporter-output>
          </reporter-output>
        </test-method> <!-- loginTest -->
        <test-method is-config="true" signature="tearDown()[pri:0, instance:com.global.qa.testcases.LoginPageTest@5f049ea1]" started-at="2021-11-15T19:01:28 PKT" name="tearDown" finished-at="2021-11-15T19:01:29 PKT" duration-ms="130" status="PASS">
          <reporter-output>
          </reporter-output>
        </test-method> <!-- tearDown -->
      </class> <!-- com.global.qa.testcases.LoginPageTest -->
    </test> <!-- Default test -->
  </suite> <!-- Default suite -->
</testng-results>
